2019/07/25 21:06:26  INFO [          _(:3」∠)_ ]             c.b.s.n.NettyServer : app.env          » default
2019/07/25 21:06:27  INFO [          _(:3」∠)_ ]             c.b.s.n.NettyServer : app.pid          » 37772
2019/07/25 21:06:27  INFO [          _(:3」∠)_ ]             c.b.s.n.NettyServer : app.devMode      » true
2019/07/25 21:06:27  INFO [          _(:3」∠)_ ]             c.b.s.n.NettyServer : jdk.version      » 1.8.0_191
2019/07/25 21:06:27  INFO [          _(:3」∠)_ ]             c.b.s.n.NettyServer : user.dir         » /root/code/java/git/t1
2019/07/25 21:06:27  INFO [          _(:3」∠)_ ]             c.b.s.n.NettyServer : java.io.tmpdir   » /tmp
2019/07/25 21:06:27  INFO [          _(:3」∠)_ ]             c.b.s.n.NettyServer : user.timezone    » Asia/Shanghai
2019/07/25 21:06:27  INFO [          _(:3」∠)_ ]             c.b.s.n.NettyServer : file.encoding    » UTF-8
2019/07/25 21:06:27  INFO [          _(:3」∠)_ ]             c.b.s.n.NettyServer : app.classpath    » /root/code/java/git/t1/target/test-classes/
2019/07/25 21:06:27  INFO [          _(:3」∠)_ ]             c.b.s.n.NettyServer : » Register bean: [com.blade.Environment@80e7232, ValueBean(list=null, appversion=null, map=null), AppInfo(users=0, maxMoney=0.0, sex=false, hits=null, startDate=null, age=0)]
2019/07/25 21:06:27  WARN [          _(:3」∠)_ ]           c.b.i.b.ValueInjector : config is absent,so can't be injected:target is com.blade.model.AppInfo
2019/07/25 21:06:27  INFO [          _(:3」∠)_ ]             c.b.s.n.NettyServer : » Use NioEventLoopGroup
2019/07/25 21:06:28  INFO [          _(:3」∠)_ ]             c.b.s.n.NettyServer : » Blade initialize successfully, Time elapsed: 1749 ms
2019/07/25 21:06:28  INFO [          _(:3」∠)_ ]             c.b.s.n.NettyServer : » Blade start with  0.0.0.0:10087 
2019/07/25 21:06:28  INFO [          _(:3」∠)_ ]             c.b.s.n.NettyServer : » Open browser access http://127.0.0.1:10087 ⚡

2019/07/25 21:06:28  INFO [              main ]             c.b.s.n.NettyServer : » Blade shutdown ...
2019/07/25 21:06:33  INFO [              main ]             c.b.s.n.NettyServer : » Blade shutdown successful
2019/07/25 21:06:33  INFO [          _(:3」∠)_ ]             c.b.s.n.NettyServer : app.env          » default
2019/07/25 21:06:33  INFO [          _(:3」∠)_ ]             c.b.s.n.NettyServer : app.pid          » 37772
2019/07/25 21:06:33  INFO [          _(:3」∠)_ ]             c.b.s.n.NettyServer : app.devMode      » true
2019/07/25 21:06:33  INFO [          _(:3」∠)_ ]             c.b.s.n.NettyServer : jdk.version      » 1.8.0_191
2019/07/25 21:06:33  INFO [          _(:3」∠)_ ]             c.b.s.n.NettyServer : user.dir         » /root/code/java/git/t1
2019/07/25 21:06:33  INFO [          _(:3」∠)_ ]             c.b.s.n.NettyServer : java.io.tmpdir   » /tmp
2019/07/25 21:06:33  INFO [          _(:3」∠)_ ]             c.b.s.n.NettyServer : user.timezone    » Asia/Shanghai
2019/07/25 21:06:33  INFO [          _(:3」∠)_ ]             c.b.s.n.NettyServer : file.encoding    » UTF-8
2019/07/25 21:06:33  INFO [          _(:3」∠)_ ]             c.b.s.n.NettyServer : app.classpath    » /root/code/java/git/t1/target/test-classes/
2019/07/25 21:06:33  INFO [          _(:3」∠)_ ]             c.b.s.n.NettyServer : » Register bean: [com.blade.Environment@4837ab47, ValueBean(list=null, appversion=null, map=null), AppInfo(users=0, maxMoney=0.0, sex=false, hits=null, startDate=null, age=0)]
2019/07/25 21:06:33  WARN [          _(:3」∠)_ ]           c.b.i.b.ValueInjector : config is absent,so can't be injected:target is com.blade.model.AppInfo
2019/07/25 21:06:33  INFO [          _(:3」∠)_ ]             c.b.s.n.NettyServer : » Use NioEventLoopGroup
2019/07/25 21:06:33  INFO [          _(:3」∠)_ ]             c.b.s.n.NettyServer : » Blade initialize successfully, Time elapsed: 37 ms
2019/07/25 21:06:33  INFO [          _(:3」∠)_ ]             c.b.s.n.NettyServer : » Blade start with  0.0.0.0:10087 
2019/07/25 21:06:33  INFO [          _(:3」∠)_ ]             c.b.s.n.NettyServer : » Open browser access http://127.0.0.1:10087 ⚡

2019/07/25 21:06:33  INFO [              main ]             c.b.s.n.NettyServer : » Blade shutdown ...
2019/07/25 21:06:37  INFO [              main ]             c.b.s.n.NettyServer : » Blade shutdown successful
2019/07/25 21:06:37  INFO [              main ]            c.b.m.r.RouteMatcher : » Add route  GET     /
2019/07/25 21:06:37  INFO [              main ]            c.b.m.r.RouteMatcher : » Add  hook  BEFORE  /.*
2019/07/25 21:06:37  INFO [              main ]            c.b.m.r.RouteMatcher : » Add route  POST    /save
2019/07/25 21:06:37  INFO [              main ]            c.b.m.r.RouteMatcher : » Add route  ALL     /index
2019/07/25 21:06:37  INFO [              main ]            c.b.m.r.RouteMatcher : » Add route  DELETE  /remove
2019/07/25 21:06:37  INFO [              main ]            c.b.m.r.RouteMatcher : » Add route  GET     /
2019/07/25 21:06:37  INFO [              main ]            c.b.m.r.RouteMatcher : » Add  hook  BEFORE  /.*
2019/07/25 21:06:37  INFO [              main ]            c.b.m.r.RouteMatcher : » Add  hook  AFTER   /.*
2019/07/25 21:06:37  WARN [              main ] c.b.m.h.DefaultExceptionHandler :  404          null null
2019/07/25 21:06:37 ERROR [              main ] c.b.m.h.DefaultExceptionHandler :  java.lang.Exception
	at com.blade.mvc.handler.ExceptionHandlerTest.testInternalErrorException(ExceptionHandlerTest.java:38)
	at sun.reflect.NativeMethodAccessorImpl.invoke0(Native Method)
	at sun.reflect.NativeMethodAccessorImpl.invoke(NativeMethodAccessorImpl.java:62)
	at sun.reflect.DelegatingMethodAccessorImpl.invoke(DelegatingMethodAccessorImpl.java:43)
	at java.lang.reflect.Method.invoke(Method.java:498)
	at org.junit.runners.model.FrameworkMethod$1.runReflectiveCall(FrameworkMethod.java:50)
	at org.junit.internal.runners.model.ReflectiveCallable.run(ReflectiveCallable.java:12)
	at org.junit.runners.model.FrameworkMethod.invokeExplosively(FrameworkMethod.java:47)
	at org.junit.internal.runners.statements.InvokeMethod.evaluate(InvokeMethod.java:17)
	at org.junit.internal.runners.statements.RunBefores.evaluate(RunBefores.java:26)
	at org.junit.runners.ParentRunner.runLeaf(ParentRunner.java:325)
	at org.junit.runners.BlockJUnit4ClassRunner.runChild(BlockJUnit4ClassRunner.java:78)
	at org.junit.runners.BlockJUnit4ClassRunner.runChild(BlockJUnit4ClassRunner.java:57)
	at org.junit.runners.ParentRunner$3.run(ParentRunner.java:290)
	at org.junit.runners.ParentRunner$1.schedule(ParentRunner.java:71)
	at org.junit.runners.ParentRunner.runChildren(ParentRunner.java:288)
	at org.junit.runners.ParentRunner.access$000(ParentRunner.java:58)
	at org.junit.runners.ParentRunner$2.evaluate(ParentRunner.java:268)
	at org.junit.runners.ParentRunner.run(ParentRunner.java:363)
	at org.apache.maven.surefire.junit4.JUnit4TestSet.execute(JUnit4TestSet.java:53)
	at org.apache.maven.surefire.junit4.JUnit4Provider.executeTestSet(JUnit4Provider.java:123)
	at org.apache.maven.surefire.junit4.JUnit4Provider.invoke(JUnit4Provider.java:104)
	at sun.reflect.NativeMethodAccessorImpl.invoke0(Native Method)
	at sun.reflect.NativeMethodAccessorImpl.invoke(NativeMethodAccessorImpl.java:62)
	at sun.reflect.DelegatingMethodAccessorImpl.invoke(DelegatingMethodAccessorImpl.java:43)
	at java.lang.reflect.Method.invoke(Method.java:498)
	at org.apache.maven.surefire.util.ReflectionUtils.invokeMethodWithArray(ReflectionUtils.java:164)
	at org.apache.maven.surefire.booter.ProviderFactory$ProviderProxy.invoke(ProviderFactory.java:110)
	at org.apache.maven.surefire.booter.SurefireStarter.invokeProvider(SurefireStarter.java:175)
	at org.apache.maven.surefire.booter.SurefireStarter.runSuitesInProcessWhenForked(SurefireStarter.java:107)
	at org.apache.maven.surefire.booter.ForkedBooter.main(ForkedBooter.java:68)

2019/07/25 21:06:37  WARN [              main ] c.b.m.h.DefaultExceptionHandler :  404          null null
2019/07/25 21:06:40 ERROR [          Thread-8 ]        c.b.w.EnvironmentWatcher : Environment watch error java.lang.InterruptedException
	at java.util.concurrent.locks.AbstractQueuedSynchronizer$ConditionObject.reportInterruptAfterWait(AbstractQueuedSynchronizer.java:2014)
	at java.util.concurrent.locks.AbstractQueuedSynchronizer$ConditionObject.await(AbstractQueuedSynchronizer.java:2048)
	at java.util.concurrent.LinkedBlockingDeque.takeFirst(LinkedBlockingDeque.java:492)
	at java.util.concurrent.LinkedBlockingDeque.take(LinkedBlockingDeque.java:680)
	at sun.nio.fs.AbstractWatchService.take(AbstractWatchService.java:118)
	at com.blade.watcher.EnvironmentWatcher.run(EnvironmentWatcher.java:35)
	at java.lang.Thread.run(Thread.java:748)

2019/07/25 21:07:00  INFO [              main ]             c.b.s.n.NettyServer : » Blade shutdown ...
2019/07/25 21:07:00  INFO [              main ]             c.b.s.n.NettyServer : » Blade shutdown successful
2019/07/25 21:07:00  INFO [          _(:3」∠)_ ]             c.b.s.n.NettyServer : app.env          » default
2019/07/25 21:07:00  INFO [          _(:3」∠)_ ]             c.b.s.n.NettyServer : app.env          » default
2019/07/25 21:07:00  INFO [          _(:3」∠)_ ]             c.b.s.n.NettyServer : app.pid          » 37772
2019/07/25 21:07:00  INFO [          _(:3」∠)_ ]             c.b.s.n.NettyServer : app.devMode      » true
2019/07/25 21:07:00  INFO [          _(:3」∠)_ ]             c.b.s.n.NettyServer : jdk.version      » 1.8.0_191
2019/07/25 21:07:00  INFO [          _(:3」∠)_ ]             c.b.s.n.NettyServer : user.dir         » /root/code/java/git/t1
2019/07/25 21:07:00  INFO [          _(:3」∠)_ ]             c.b.s.n.NettyServer : java.io.tmpdir   » /tmp
2019/07/25 21:07:00  INFO [          _(:3」∠)_ ]             c.b.s.n.NettyServer : user.timezone    » Asia/Shanghai
2019/07/25 21:07:00  INFO [          _(:3」∠)_ ]             c.b.s.n.NettyServer : file.encoding    » UTF-8
2019/07/25 21:07:00  INFO [          _(:3」∠)_ ]             c.b.s.n.NettyServer : app.classpath    » /root/code/java/git/t1/target/test-classes/
2019/07/25 21:07:00  INFO [          _(:3」∠)_ ]             c.b.s.n.NettyServer : app.pid          » 37772
2019/07/25 21:07:00  INFO [          _(:3」∠)_ ]             c.b.s.n.NettyServer : app.devMode      » true
2019/07/25 21:07:00  INFO [          _(:3」∠)_ ]             c.b.s.n.NettyServer : jdk.version      » 1.8.0_191
2019/07/25 21:07:00  INFO [          _(:3」∠)_ ]             c.b.s.n.NettyServer : user.dir         » /root/code/java/git/t1
2019/07/25 21:07:00  INFO [          _(:3」∠)_ ]             c.b.s.n.NettyServer : java.io.tmpdir   » /tmp
2019/07/25 21:07:00  INFO [          _(:3」∠)_ ]             c.b.s.n.NettyServer : user.timezone    » Asia/Shanghai
2019/07/25 21:07:00  INFO [          _(:3」∠)_ ]             c.b.s.n.NettyServer : file.encoding    » UTF-8
2019/07/25 21:07:00  INFO [          _(:3」∠)_ ]             c.b.s.n.NettyServer : app.classpath    » /root/code/java/git/t1/target/test-classes/
2019/07/25 21:07:00  INFO [          _(:3」∠)_ ]             c.b.s.n.NettyServer : » Register bean: [com.blade.Environment@417258b7]
2019/07/25 21:07:00  INFO [          _(:3」∠)_ ]             c.b.s.n.NettyServer : » Use NioEventLoopGroup
2019/07/25 21:07:00  INFO [          _(:3」∠)_ ]             c.b.s.n.NettyServer : » Blade initialize successfully, Time elapsed: 79 ms
2019/07/25 21:07:00  INFO [          _(:3」∠)_ ]             c.b.s.n.NettyServer : » Blade start with  localhost:9002 
2019/07/25 21:07:00  INFO [          _(:3」∠)_ ]             c.b.s.n.NettyServer : » Open browser access http://localhost:9002 ⚡

2019/07/25 21:07:00  WARN [          _(:3」∠)_ ]                 c.b.i.SimpleIoc : Duplicated Bean: com.blade.mvc.handler.WebSocketHandler
2019/07/25 21:07:00  INFO [          _(:3」∠)_ ]            c.b.m.r.RouteMatcher : » Add route  POST    /save
2019/07/25 21:07:00  INFO [          _(:3」∠)_ ]            c.b.m.r.RouteMatcher : » Add route  POST    /def
2019/07/25 21:07:00  INFO [          _(:3」∠)_ ]            c.b.m.r.RouteMatcher : » Add route  POST    /exp
2019/07/25 21:07:00  INFO [          _(:3」∠)_ ]            c.b.m.r.RouteMatcher : » Add route  POST    /ck
2019/07/25 21:07:00  INFO [          _(:3」∠)_ ]            c.b.m.r.RouteMatcher : » Add route  POST    /api_test/:size
2019/07/25 21:07:00  INFO [          _(:3」∠)_ ]            c.b.m.r.RouteMatcher : » Add route  POST    /upload
2019/07/25 21:07:00  INFO [          _(:3」∠)_ ]            c.b.m.r.RouteMatcher : » Add route  GET     /p
2019/07/25 21:07:00  INFO [          _(:3」∠)_ ]            c.b.m.r.RouteMatcher : » Add route  GET     /exp
2019/07/25 21:07:00  INFO [          _(:3」∠)_ ]            c.b.m.r.RouteMatcher : » Add route  GET     /csrf
2019/07/25 21:07:00  INFO [          _(:3」∠)_ ]            c.b.m.r.RouteMatcher : » Add route  ALL     /hi/:a/:b/:c
2019/07/25 21:07:00  INFO [          _(:3」∠)_ ]            c.b.m.r.RouteMatcher : » Add WebSocket /ws_anno
2019/07/25 21:07:00  INFO [          _(:3」∠)_ ]            c.b.m.r.RouteMatcher : » Add WebSocket /ws_impl
2019/07/25 21:07:00  INFO [          _(:3」∠)_ ]             c.b.s.n.NettyServer : » Register bean: [com.blade.Environment@44b4ae28, netty_hello.CustomWebSocketHandler@507424b0, netty_hello.UserService@204d300d, netty_hello.CustomWebSocketHandlerAnno@3051e8e7, netty_hello.ConfigChanged@5175c52b, netty_hello.CService@20552a11, netty_hello.ConfigChanged@5175c52b, com.blade.mvc.handler.WebSocketHandlerWrapper@69d1ab4e, netty_hello.BService@56787043, com.blade.mvc.handler.WebSocketHandlerWrapper@69d1ab4e, netty_hello.DemoController@295bbb3a]
2019/07/25 21:07:00  INFO [          _(:3」∠)_ ]             c.b.s.n.NettyServer : » Use NioEventLoopGroup
2019/07/25 21:07:00  INFO [          _(:3」∠)_ ]             c.b.s.n.NettyServer : » Blade initialize successfully, Time elapsed: 222 ms
2019/07/25 21:07:00  INFO [          _(:3」∠)_ ]             c.b.s.n.NettyServer : » Blade start with  0.0.0.0:9000 
2019/07/25 21:07:00  INFO [          _(:3」∠)_ ]             c.b.s.n.NettyServer : » Open browser access http://127.0.0.1:9000 ⚡

2019/07/25 21:07:01  WARN [   worker@thread-1 ] c.b.m.h.DefaultExceptionHandler :  404          GET    /
2019/07/25 21:07:01  INFO [              main ]             c.b.s.n.NettyServer : » Blade shutdown ...
2019/07/25 21:07:06  INFO [              main ]             c.b.s.n.NettyServer : » Blade shutdown successful
2019/07/25 21:07:06  INFO [              main ]            c.b.m.r.RouteMatcher : » Add route  POST    /
2019/07/25 21:07:06  INFO [              main ]            c.b.m.r.RouteMatcher : » Add route  GET     /
2019/07/25 21:07:06  INFO [              main ]            c.b.m.r.RouteMatcher : » Add route  DELETE  /
2019/07/25 21:07:06  INFO [              main ]            c.b.m.r.RouteMatcher : » Add route  PUT     /
2019/07/25 21:07:06  INFO [              main ]            c.b.m.r.RouteMatcher : » Add  hook  AFTER   /
2019/07/25 21:07:06  INFO [              main ]            c.b.m.r.RouteMatcher : » Add  hook  BEFORE  /
2019/07/25 21:07:06  INFO [          _(:3」∠)_ ]             c.b.s.n.NettyServer : app.env          » default
2019/07/25 21:07:06  INFO [          _(:3」∠)_ ]             c.b.s.n.NettyServer : app.pid          » 37772
2019/07/25 21:07:06  INFO [          _(:3」∠)_ ]             c.b.s.n.NettyServer : app.devMode      » true
2019/07/25 21:07:06  INFO [          _(:3」∠)_ ]             c.b.s.n.NettyServer : jdk.version      » 1.8.0_191
2019/07/25 21:07:06  INFO [          _(:3」∠)_ ]             c.b.s.n.NettyServer : user.dir         » /root/code/java/git/t1
2019/07/25 21:07:06  INFO [          _(:3」∠)_ ]             c.b.s.n.NettyServer : java.io.tmpdir   » /tmp
2019/07/25 21:07:06  INFO [          _(:3」∠)_ ]             c.b.s.n.NettyServer : user.timezone    » Asia/Shanghai
2019/07/25 21:07:06  INFO [          _(:3」∠)_ ]             c.b.s.n.NettyServer : file.encoding    » UTF-8
2019/07/25 21:07:06  INFO [          _(:3」∠)_ ]             c.b.s.n.NettyServer : app.classpath    » /root/code/java/git/t1/target/test-classes/
2019/07/25 21:07:06  INFO [          _(:3」∠)_ ]             c.b.s.n.NettyServer : » Register bean: [com.blade.Environment@545b4cf2]
2019/07/25 21:07:06  INFO [          _(:3」∠)_ ]             c.b.s.n.NettyServer : » Use NioEventLoopGroup
2019/07/25 21:07:06  INFO [          _(:3」∠)_ ]             c.b.s.n.NettyServer : » Blade initialize successfully, Time elapsed: 51 ms
2019/07/25 21:07:06  INFO [          _(:3」∠)_ ]             c.b.s.n.NettyServer : » Blade start with  0.0.0.0:9001 
2019/07/25 21:07:06  INFO [          _(:3」∠)_ ]             c.b.s.n.NettyServer : » Open browser access http://127.0.0.1:9001 ⚡

2019/07/25 21:07:06  WARN [   worker@thread-1 ] c.b.m.h.DefaultExceptionHandler :  404          GET    /
2019/07/25 21:07:06  INFO [              main ]             c.b.s.n.NettyServer : » Blade shutdown ...
2019/07/25 21:07:10  INFO [              main ]             c.b.s.n.NettyServer : » Blade shutdown successful
2019/07/25 21:07:10  INFO [              main ]             c.b.s.n.NettyServer : app.env          » default
2019/07/25 21:07:10  INFO [              main ]             c.b.s.n.NettyServer : app.pid          » 37772
2019/07/25 21:07:10  INFO [              main ]             c.b.s.n.NettyServer : app.devMode      » true
2019/07/25 21:07:10  INFO [              main ]             c.b.s.n.NettyServer : jdk.version      » 1.8.0_191
2019/07/25 21:07:10  INFO [              main ]             c.b.s.n.NettyServer : user.dir         » /root/code/java/git/t1
2019/07/25 21:07:10  INFO [              main ]             c.b.s.n.NettyServer : java.io.tmpdir   » /tmp
2019/07/25 21:07:10  INFO [              main ]             c.b.s.n.NettyServer : user.timezone    » Asia/Shanghai
2019/07/25 21:07:10  INFO [              main ]             c.b.s.n.NettyServer : file.encoding    » UTF-8
2019/07/25 21:07:10  INFO [              main ]             c.b.s.n.NettyServer : app.classpath    » /root/code/java/git/t1/target/test-classes/
2019/07/25 21:07:10  INFO [              main ]             c.b.s.n.NettyServer : » Use NioEventLoopGroup
2019/07/25 21:07:10  INFO [              main ]             c.b.s.n.NettyServer : » Blade initialize successfully, Time elapsed: 125 ms
2019/07/25 21:07:10  INFO [              main ]             c.b.s.n.NettyServer : » Blade start with  0.0.0.0:10086 
2019/07/25 21:07:10  INFO [              main ]             c.b.s.n.NettyServer : » Open browser access http://127.0.0.1:10086 ⚡

2019/07/25 21:07:10  INFO [              main ]             c.b.s.n.NettyServer : » Blade shutdown ...
2019/07/25 21:07:10  INFO [              main ]             c.b.s.n.NettyServer : » Blade shutdown successful
2019/07/25 21:07:10  INFO [              main ]             c.b.s.n.NettyServer : app.env          » default
2019/07/25 21:07:10  INFO [              main ]             c.b.s.n.NettyServer : app.pid          » 37772
2019/07/25 21:07:10  INFO [              main ]             c.b.s.n.NettyServer : app.devMode      » true
2019/07/25 21:07:10  INFO [              main ]             c.b.s.n.NettyServer : jdk.version      » 1.8.0_191
2019/07/25 21:07:10  INFO [              main ]             c.b.s.n.NettyServer : user.dir         » /root/code/java/git/t1
2019/07/25 21:07:10  INFO [              main ]             c.b.s.n.NettyServer : java.io.tmpdir   » /tmp
2019/07/25 21:07:10  INFO [              main ]             c.b.s.n.NettyServer : user.timezone    » Asia/Shanghai
2019/07/25 21:07:10  INFO [              main ]             c.b.s.n.NettyServer : file.encoding    » UTF-8
2019/07/25 21:07:10  INFO [              main ]             c.b.s.n.NettyServer : app.classpath    » /root/code/java/git/t1/target/test-classes/
2019/07/25 21:07:10  INFO [              main ]             c.b.s.n.NettyServer : » Use NioEventLoopGroup
2019/07/25 21:07:10  INFO [              main ]             c.b.s.n.NettyServer : » Blade initialize successfully, Time elapsed: 194 ms
2019/07/25 21:07:10  INFO [              main ]             c.b.s.n.NettyServer : » Blade start with  0.0.0.0:10087 
2019/07/25 21:07:10  INFO [              main ]             c.b.s.n.NettyServer : » Open browser access http://127.0.0.1:10087 ⚡

2019/07/25 21:07:10  INFO [              main ]             c.b.s.n.NettyServer : » Blade shutdown ...
2019/07/25 21:07:10  INFO [              main ]             c.b.s.n.NettyServer : » Blade shutdown successful
